<?xml version="1.0" encoding="UTF-8"?>
<!-- Generated by org.testng.reporters.JUnitXMLReporter -->
<testsuite ignored="19" hostname="LAPTOP-JUA187N9" failures="0" tests="1" name="Default test" time="20.977" errors="0" timestamp="2025-02-04T11:38:35 IST">
  <testcase classname="testcases.LoginTest" name="testValidLogin" time="4.35"/>
  <testcase classname="testcases.LoginTest" name="testPasswordVisibilityToggle" time="0.0">
    <ignored/>
  </testcase> <!-- testPasswordVisibilityToggle -->
  <testcase classname="testcases.LoginTest" name="testPasswordResetEmailFormat" time="0.0">
    <ignored/>
  </testcase> <!-- testPasswordResetEmailFormat -->
  <testcase classname="testcases.LoginTest" name="testPasswordMasking" time="0.0">
    <ignored/>
  </testcase> <!-- testPasswordMasking -->
  <testcase classname="testcases.LoginTest" name="testPasswordResetWithRegisteredEmail" time="0.0">
    <ignored/>
  </testcase> <!-- testPasswordResetWithRegisteredEmail -->
  <testcase classname="testcases.LoginTest" name="testValidGoogleRegistration" time="0.0">
    <ignored/>
  </testcase> <!-- testValidGoogleRegistration -->
  <testcase classname="testcases.LoginTest" name="testBlankUsernameWithValidPassword" time="0.0">
    <ignored/>
  </testcase> <!-- testBlankUsernameWithValidPassword -->
  <testcase classname="testcases.LoginTest" name="testRegistrationWithExistingGoogleAccount" time="0.0">
    <ignored/>
  </testcase> <!-- testRegistrationWithExistingGoogleAccount -->
  <testcase classname="testcases.LoginTest" name="testForgotPasswordLink" time="0.0">
    <ignored/>
  </testcase> <!-- testForgotPasswordLink -->
  <testcase classname="testcases.LoginTest" name="testExpiredPasswordLogin" time="0.0">
    <ignored/>
  </testcase> <!-- testExpiredPasswordLogin -->
  <testcase classname="testcases.LoginTest" name="testEmptyFieldsLogin" time="0.0">
    <ignored/>
  </testcase> <!-- testEmptyFieldsLogin -->
  <testcase classname="testcases.LoginTest" name="testInvalidLogin" time="0.0">
    <ignored/>
  </testcase> <!-- testInvalidLogin -->
  <testcase classname="testcases.LoginTest" name="testPasswordResetWithUnregisteredEmail" time="0.0">
    <ignored/>
  </testcase> <!-- testPasswordResetWithUnregisteredEmail -->
  <testcase classname="testcases.LoginTest" name="testErrorMessageConsistency" time="0.0">
    <ignored/>
  </testcase> <!-- testErrorMessageConsistency -->
  <testcase classname="testcases.LoginTest" name="testCaseSensitivity" time="0.0">
    <ignored/>
  </testcase> <!-- testCaseSensitivity -->
  <testcase classname="testcases.LoginTest" name="testLoginWithRememberMe" time="0.0">
    <ignored/>
  </testcase> <!-- testLoginWithRememberMe -->
  <testcase classname="testcases.LoginTest" name="testBlankPasswordWithValidUsername" time="0.0">
    <ignored/>
  </testcase> <!-- testBlankPasswordWithValidUsername -->
  <testcase classname="testcases.LoginTest" name="testSignUpLink" time="0.0">
    <ignored/>
  </testcase> <!-- testSignUpLink -->
  <testcase classname="testcases.LoginTest" name="testLongUsernamePassword" time="0.0">
    <ignored/>
  </testcase> <!-- testLongUsernamePassword -->
  <testcase classname="testcases.LoginTest" name="testResetPassword" time="0.0">
    <ignored/>
  </testcase> <!-- testResetPassword -->
</testsuite> <!-- Default test -->
