<?xml version="1.0" encoding="UTF-8"?>
<!-- Generated by org.testng.reporters.JUnitXMLReporter -->
<testsuite ignored="0" hostname="LAPTOP-JUA187N9" failures="5" tests="52" name="LoginTests" time="46.58" errors="0" timestamp="2025-02-03T12:18:04 IST">
  <testcase classname="testbase.BaseClass" name="@BeforeMethod setUp" time="2.553">
    <failure type="com.microsoft.playwright.impl.TargetClosedError" message="Error {
  message=&amp;apos;Target page, context or browser has been closed
  name=&amp;apos;TargetClosedError
  stack=&amp;apos;TargetClosedError:Target page, context or browser has been closed
Error
    at captureRawStack (C:\Users\VICKYS~1\AppData\Local\Temp\playwright-java-1051018452816850103\package\lib\utils\stackTrace.js:50:17)
    at LongStandingScope._race (C:\Users\VICKYS~1\AppData\Local\Temp\playwright-java-1051018452816850103\package\lib\utils\manualPromise.js:91:52)
    at LongStandingScope.race (C:\Users\VICKYS~1\AppData\Local\Temp\playwright-java-1051018452816850103\package\lib\utils\manualPromise.js:84:17)
    at FrameDispatcher._handleCommand (C:\Users\VICKYS~1\AppData\Local\Temp\playwright-java-1051018452816850103\package\lib\server\dispatchers\dispatcher.js:96:36)
    at DispatcherConnection.dispatch (C:\Users\VICKYS~1\AppData\Local\Temp\playwright-java-1051018452816850103\package\lib\server\dispatchers\dispatcher.js:361:39)
}
Call log:
-   - navigating to &amp;quot;http://localhost:3000/&amp;quot;, waiting until &amp;quot;load&amp;quot;
">
      <![CDATA[com.microsoft.playwright.impl.TargetClosedError: Error {
  message='Target page, context or browser has been closed
  name='TargetClosedError
  stack='TargetClosedError:Target page, context or browser has been closed
Error
    at captureRawStack (C:\Users\VICKYS~1\AppData\Local\Temp\playwright-java-1051018452816850103\package\lib\utils\stackTrace.js:50:17)
    at LongStandingScope._race (C:\Users\VICKYS~1\AppData\Local\Temp\playwright-java-1051018452816850103\package\lib\utils\manualPromise.js:91:52)
    at LongStandingScope.race (C:\Users\VICKYS~1\AppData\Local\Temp\playwright-java-1051018452816850103\package\lib\utils\manualPromise.js:84:17)
    at FrameDispatcher._handleCommand (C:\Users\VICKYS~1\AppData\Local\Temp\playwright-java-1051018452816850103\package\lib\server\dispatchers\dispatcher.js:96:36)
    at DispatcherConnection.dispatch (C:\Users\VICKYS~1\AppData\Local\Temp\playwright-java-1051018452816850103\package\lib\server\dispatchers\dispatcher.js:361:39)
}
Call log:
-   - navigating to "http://localhost:3000/", waiting until "load"

at com.microsoft.playwright.impl.WaitableResult.get(WaitableResult.java:54)
at com.microsoft.playwright.impl.ChannelOwner.runUntil(ChannelOwner.java:132)
at com.microsoft.playwright.impl.Connection.sendMessage(Connection.java:130)
at com.microsoft.playwright.impl.ChannelOwner.sendMessage(ChannelOwner.java:118)
at com.microsoft.playwright.impl.FrameImpl.navigateImpl(FrameImpl.java:463)
at com.microsoft.playwright.impl.PageImpl.lambda$navigate$47(PageImpl.java:943)
at com.microsoft.playwright.impl.LoggingSupport.withLogging(LoggingSupport.java:47)
at com.microsoft.playwright.impl.ChannelOwner.withLogging(ChannelOwner.java:97)
at com.microsoft.playwright.impl.PageImpl.navigate(PageImpl.java:943)
at com.microsoft.playwright.impl.PageImpl.navigate(PageImpl.java:42)
at com.microsoft.playwright.Page.navigate(Page.java:5474)
at testbase.BaseClass.setUp(BaseClass.java:25)
at java.base/java.util.ArrayList.forEach(ArrayList.java:1597)
Caused by: com.microsoft.playwright.impl.TargetClosedError: Error {
  message='Target page, context or browser has been closed
  name='TargetClosedError
  stack='TargetClosedError:Target page, context or browser has been closed
Error
    at captureRawStack (C:\Users\VICKYS~1\AppData\Local\Temp\playwright-java-1051018452816850103\package\lib\utils\stackTrace.js:50:17)
    at LongStandingScope._race (C:\Users\VICKYS~1\AppData\Local\Temp\playwright-java-1051018452816850103\package\lib\utils\manualPromise.js:91:52)
    at LongStandingScope.race (C:\Users\VICKYS~1\AppData\Local\Temp\playwright-java-1051018452816850103\package\lib\utils\manualPromise.js:84:17)
    at FrameDispatcher._handleCommand (C:\Users\VICKYS~1\AppData\Local\Temp\playwright-java-1051018452816850103\package\lib\server\dispatchers\dispatcher.js:96:36)
    at DispatcherConnection.dispatch (C:\Users\VICKYS~1\AppData\Local\Temp\playwright-java-1051018452816850103\package\lib\server\dispatchers\dispatcher.js:361:39)
}
Call log:
-   - navigating to "http://localhost:3000/", waiting until "load"

at com.microsoft.playwright.impl.Connection.dispatch(Connection.java:256)
at com.microsoft.playwright.impl.Connection.processOneMessage(Connection.java:211)
at com.microsoft.playwright.impl.ChannelOwner.runUntil(ChannelOwner.java:130)
... 40 more
... Removed 29 stack frames]]>
    </failure>
  </testcase> <!-- @BeforeMethod setUp -->
  <testcase classname="testcases.ProductTest" name="@BeforeMethod pp" time="-1.738565283885E9">
    <skipped/>
  </testcase> <!-- @BeforeMethod pp -->
  <testcase classname="testbase.BaseClass" name="@AfterMethod tearDown" time="-1.738565283891E9">
    <skipped/>
  </testcase> <!-- @AfterMethod tearDown -->
  <testcase classname="testbase.BaseClass" name="@BeforeMethod setUp" time="-1.738565283896E9">
    <skipped/>
  </testcase> <!-- @BeforeMethod setUp -->
  <testcase classname="testcases.ProductTest" name="@BeforeMethod pp" time="-1.738565283897E9">
    <skipped/>
  </testcase> <!-- @BeforeMethod pp -->
  <testcase classname="testbase.BaseClass" name="@AfterMethod tearDown" time="-1.7385652839E9">
    <skipped/>
  </testcase> <!-- @AfterMethod tearDown -->
  <testcase classname="testbase.BaseClass" name="@BeforeMethod setUp" time="-1.738565283902E9">
    <skipped/>
  </testcase> <!-- @BeforeMethod setUp -->
  <testcase classname="testcases.ProductTest" name="@BeforeMethod pp" time="-1.738565283903E9">
    <skipped/>
  </testcase> <!-- @BeforeMethod pp -->
  <testcase classname="testbase.BaseClass" name="@AfterMethod tearDown" time="-1.738565283909E9">
    <skipped/>
  </testcase> <!-- @AfterMethod tearDown -->
  <testcase classname="testbase.BaseClass" name="@BeforeMethod setUp" time="-1.738565283911E9">
    <skipped/>
  </testcase> <!-- @BeforeMethod setUp -->
  <testcase classname="testcases.ProductTest" name="@BeforeMethod pp" time="-1.738565283913E9">
    <skipped/>
  </testcase> <!-- @BeforeMethod pp -->
  <testcase classname="testbase.BaseClass" name="@AfterMethod tearDown" time="-1.738565283921E9">
    <skipped/>
  </testcase> <!-- @AfterMethod tearDown -->
  <testcase classname="testbase.BaseClass" name="@BeforeMethod setUp" time="-1.738565283922E9">
    <skipped/>
  </testcase> <!-- @BeforeMethod setUp -->
  <testcase classname="testcases.ProductTest" name="@BeforeMethod pp" time="-1.738565283922E9">
    <skipped/>
  </testcase> <!-- @BeforeMethod pp -->
  <testcase classname="testbase.BaseClass" name="@AfterMethod tearDown" time="-1.738565283925E9">
    <skipped/>
  </testcase> <!-- @AfterMethod tearDown -->
  <testcase classname="testbase.BaseClass" name="@BeforeMethod setUp" time="-1.738565283925E9">
    <skipped/>
  </testcase> <!-- @BeforeMethod setUp -->
  <testcase classname="testcases.ProductTest" name="@BeforeMethod pp" time="-1.738565283925E9">
    <skipped/>
  </testcase> <!-- @BeforeMethod pp -->
  <testcase classname="testbase.BaseClass" name="@AfterMethod tearDown" time="-1.738565283931E9">
    <skipped/>
  </testcase> <!-- @AfterMethod tearDown -->
  <testcase classname="testbase.BaseClass" name="@BeforeMethod setUp" time="-1.738565283932E9">
    <skipped/>
  </testcase> <!-- @BeforeMethod setUp -->
  <testcase classname="testcases.ProductTest" name="@BeforeMethod pp" time="-1.738565283933E9">
    <skipped/>
  </testcase> <!-- @BeforeMethod pp -->
  <testcase classname="testbase.BaseClass" name="@AfterMethod tearDown" time="-1.738565283936E9">
    <skipped/>
  </testcase> <!-- @AfterMethod tearDown -->
  <testcase classname="testbase.BaseClass" name="@BeforeMethod setUp" time="-1.738565283936E9">
    <skipped/>
  </testcase> <!-- @BeforeMethod setUp -->
  <testcase classname="testcases.ProductTest" name="@BeforeMethod pp" time="-1.738565283937E9">
    <skipped/>
  </testcase> <!-- @BeforeMethod pp -->
  <testcase classname="testbase.BaseClass" name="@AfterMethod tearDown" time="-1.738565283939E9">
    <skipped/>
  </testcase> <!-- @AfterMethod tearDown -->
  <testcase classname="testbase.BaseClass" name="@BeforeMethod setUp" time="-1.73856528394E9">
    <skipped/>
  </testcase> <!-- @BeforeMethod setUp -->
  <testcase classname="testcases.ProductTest" name="@BeforeMethod pp" time="-1.738565283941E9">
    <skipped/>
  </testcase> <!-- @BeforeMethod pp -->
  <testcase classname="testbase.BaseClass" name="@AfterMethod tearDown" time="-1.738565283943E9">
    <skipped/>
  </testcase> <!-- @AfterMethod tearDown -->
  <testcase classname="testbase.BaseClass" name="@BeforeMethod setUp" time="-1.738565283945E9">
    <skipped/>
  </testcase> <!-- @BeforeMethod setUp -->
  <testcase classname="testcases.ProductTest" name="@BeforeMethod pp" time="-1.738565283947E9">
    <skipped/>
  </testcase> <!-- @BeforeMethod pp -->
  <testcase classname="testbase.BaseClass" name="@AfterMethod tearDown" time="-1.738565283952E9">
    <skipped/>
  </testcase> <!-- @AfterMethod tearDown -->
  <testcase classname="testbase.BaseClass" name="@BeforeMethod setUp" time="-1.738565283953E9">
    <skipped/>
  </testcase> <!-- @BeforeMethod setUp -->
  <testcase classname="testcases.ProductTest" name="@BeforeMethod pp" time="-1.738565283953E9">
    <skipped/>
  </testcase> <!-- @BeforeMethod pp -->
  <testcase classname="testbase.BaseClass" name="@AfterMethod tearDown" time="-1.738565283955E9">
    <skipped/>
  </testcase> <!-- @AfterMethod tearDown -->
  <testcase classname="testbase.BaseClass" name="@BeforeMethod setUp" time="-1.738565283955E9">
    <skipped/>
  </testcase> <!-- @BeforeMethod setUp -->
  <testcase classname="testcases.ProductTest" name="@BeforeMethod pp" time="-1.738565283956E9">
    <skipped/>
  </testcase> <!-- @BeforeMethod pp -->
  <testcase classname="testbase.BaseClass" name="@AfterMethod tearDown" time="-1.738565283957E9">
    <skipped/>
  </testcase> <!-- @AfterMethod tearDown -->
  <testcase classname="testbase.BaseClass" name="@BeforeMethod setUp" time="-1.738565283958E9">
    <skipped/>
  </testcase> <!-- @BeforeMethod setUp -->
  <testcase classname="testcases.ProductTest" name="@BeforeMethod pp" time="-1.738565283958E9">
    <skipped/>
  </testcase> <!-- @BeforeMethod pp -->
  <testcase classname="testbase.BaseClass" name="@AfterMethod tearDown" time="-1.73856528396E9">
    <skipped/>
  </testcase> <!-- @AfterMethod tearDown -->
  <testcase classname="testbase.BaseClass" name="@BeforeMethod setUp" time="-1.738565283975E9">
    <skipped/>
  </testcase> <!-- @BeforeMethod setUp -->
  <testcase classname="testcases.ProductTest" name="@BeforeMethod pp" time="-1.738565283976E9">
    <skipped/>
  </testcase> <!-- @BeforeMethod pp -->
  <testcase classname="testbase.BaseClass" name="@AfterMethod tearDown" time="-1.738565283979E9">
    <skipped/>
  </testcase> <!-- @AfterMethod tearDown -->
  <testcase classname="testbase.BaseClass" name="@BeforeMethod setUp" time="-1.73856528398E9">
    <skipped/>
  </testcase> <!-- @BeforeMethod setUp -->
  <testcase classname="testcases.ProductTest" name="@BeforeMethod pp" time="-1.738565283982E9">
    <skipped/>
  </testcase> <!-- @BeforeMethod pp -->
  <testcase classname="testbase.BaseClass" name="@AfterMethod tearDown" time="-1.738565283985E9">
    <skipped/>
  </testcase> <!-- @AfterMethod tearDown -->
  <testcase classname="testbase.BaseClass" name="@BeforeMethod setUp" time="-1.738565283987E9">
    <skipped/>
  </testcase> <!-- @BeforeMethod setUp -->
  <testcase classname="testcases.ProductTest" name="@BeforeMethod pp" time="-1.738565283988E9">
    <skipped/>
  </testcase> <!-- @BeforeMethod pp -->
  <testcase classname="testbase.BaseClass" name="@AfterMethod tearDown" time="-1.73856528399E9">
    <skipped/>
  </testcase> <!-- @AfterMethod tearDown -->
  <testcase classname="testbase.BaseClass" name="@BeforeMethod setUp" time="-1.73856528399E9">
    <skipped/>
  </testcase> <!-- @BeforeMethod setUp -->
  <testcase classname="testcases.ProductTest" name="@BeforeMethod pp" time="-1.73856528399E9">
    <skipped/>
  </testcase> <!-- @BeforeMethod pp -->
  <testcase classname="testbase.BaseClass" name="@AfterMethod tearDown" time="-1.738565283993E9">
    <skipped/>
  </testcase> <!-- @AfterMethod tearDown -->
  <testcase classname="testbase.BaseClass" name="@BeforeMethod setUp" time="-1.738565283996E9">
    <skipped/>
  </testcase> <!-- @BeforeMethod setUp -->
  <testcase classname="testcases.ProductTest" name="@BeforeMethod pp" time="-1.738565283997E9">
    <skipped/>
  </testcase> <!-- @BeforeMethod pp -->
  <testcase classname="testbase.BaseClass" name="@AfterMethod tearDown" time="-1.738565284124E9">
    <skipped/>
  </testcase> <!-- @AfterMethod tearDown -->
  <testcase classname="testbase.BaseClass" name="@BeforeMethod setUp" time="-1.738565284124E9">
    <skipped/>
  </testcase> <!-- @BeforeMethod setUp -->
  <testcase classname="testcases.ProductTest" name="@BeforeMethod pp" time="-1.738565284125E9">
    <skipped/>
  </testcase> <!-- @BeforeMethod pp -->
  <testcase classname="testbase.BaseClass" name="@AfterMethod tearDown" time="-1.738565284127E9">
    <skipped/>
  </testcase> <!-- @AfterMethod tearDown -->
  <testcase classname="testbase.BaseClass" name="@BeforeMethod setUp" time="-1.738565284128E9">
    <skipped/>
  </testcase> <!-- @BeforeMethod setUp -->
  <testcase classname="testcases.ProductTest" name="@BeforeMethod pp" time="-1.738565284128E9">
    <skipped/>
  </testcase> <!-- @BeforeMethod pp -->
  <testcase classname="testbase.BaseClass" name="@AfterMethod tearDown" time="-1.738565284132E9">
    <skipped/>
  </testcase> <!-- @AfterMethod tearDown -->
  <testcase classname="testbase.BaseClass" name="@BeforeMethod setUp" time="-1.738565284132E9">
    <skipped/>
  </testcase> <!-- @BeforeMethod setUp -->
  <testcase classname="testcases.ProductTest" name="@BeforeMethod pp" time="-1.738565284133E9">
    <skipped/>
  </testcase> <!-- @BeforeMethod pp -->
  <testcase classname="testbase.BaseClass" name="@AfterMethod tearDown" time="-1.738565284136E9">
    <skipped/>
  </testcase> <!-- @AfterMethod tearDown -->
  <testcase classname="testbase.BaseClass" name="@BeforeMethod setUp" time="-1.738565284138E9">
    <skipped/>
  </testcase> <!-- @BeforeMethod setUp -->
  <testcase classname="testcases.ProductTest" name="@BeforeMethod pp" time="-1.738565284138E9">
    <skipped/>
  </testcase> <!-- @BeforeMethod pp -->
  <testcase classname="testbase.BaseClass" name="@AfterMethod tearDown" time="-1.738565284139E9">
    <skipped/>
  </testcase> <!-- @AfterMethod tearDown -->
  <testcase classname="testbase.BaseClass" name="@BeforeMethod setUp" time="-1.738565284139E9">
    <skipped/>
  </testcase> <!-- @BeforeMethod setUp -->
  <testcase classname="testcases.ProductTest" name="@BeforeMethod pp" time="-1.738565284141E9">
    <skipped/>
  </testcase> <!-- @BeforeMethod pp -->
  <testcase classname="testbase.BaseClass" name="@AfterMethod tearDown" time="-1.73856528422E9">
    <skipped/>
  </testcase> <!-- @AfterMethod tearDown -->
  <testcase classname="testbase.BaseClass" name="@BeforeMethod setUp" time="-1.738565284221E9">
    <skipped/>
  </testcase> <!-- @BeforeMethod setUp -->
  <testcase classname="testcases.ProductTest" name="@BeforeMethod pp" time="-1.738565284226E9">
    <skipped/>
  </testcase> <!-- @BeforeMethod pp -->
  <testcase classname="testbase.BaseClass" name="@AfterMethod tearDown" time="-1.738565284228E9">
    <skipped/>
  </testcase> <!-- @AfterMethod tearDown -->
  <testcase classname="testbase.BaseClass" name="@BeforeMethod setUp" time="-1.738565284229E9">
    <skipped/>
  </testcase> <!-- @BeforeMethod setUp -->
  <testcase classname="testcases.ProductTest" name="@BeforeMethod pp" time="-1.73856528423E9">
    <skipped/>
  </testcase> <!-- @BeforeMethod pp -->
  <testcase classname="testbase.BaseClass" name="@AfterMethod tearDown" time="-1.738565284232E9">
    <skipped/>
  </testcase> <!-- @AfterMethod tearDown -->
  <testcase classname="testbase.BaseClass" name="@BeforeMethod setUp" time="-1.738565284233E9">
    <skipped/>
  </testcase> <!-- @BeforeMethod setUp -->
  <testcase classname="testcases.ProductTest" name="@BeforeMethod pp" time="-1.738565284233E9">
    <skipped/>
  </testcase> <!-- @BeforeMethod pp -->
  <testcase classname="testbase.BaseClass" name="@AfterMethod tearDown" time="-1.738565284236E9">
    <skipped/>
  </testcase> <!-- @AfterMethod tearDown -->
  <testcase classname="testbase.BaseClass" name="@BeforeMethod setUp" time="-1.738565284237E9">
    <skipped/>
  </testcase> <!-- @BeforeMethod setUp -->
  <testcase classname="testcases.ProductTest" name="@BeforeMethod pp" time="-1.738565284238E9">
    <skipped/>
  </testcase> <!-- @BeforeMethod pp -->
  <testcase classname="testbase.BaseClass" name="@AfterMethod tearDown" time="-1.738565284241E9">
    <skipped/>
  </testcase> <!-- @AfterMethod tearDown -->
  <testcase classname="testbase.BaseClass" name="@BeforeMethod setUp" time="-1.738565284336E9">
    <skipped/>
  </testcase> <!-- @BeforeMethod setUp -->
  <testcase classname="testcases.ProductTest" name="@BeforeMethod pp" time="-1.738565284337E9">
    <skipped/>
  </testcase> <!-- @BeforeMethod pp -->
  <testcase classname="testbase.BaseClass" name="@AfterMethod tearDown" time="-1.738565284339E9">
    <skipped/>
  </testcase> <!-- @AfterMethod tearDown -->
  <testcase classname="testbase.BaseClass" name="@BeforeMethod setUp" time="-1.73856528434E9">
    <skipped/>
  </testcase> <!-- @BeforeMethod setUp -->
  <testcase classname="testcases.ProductTest" name="@BeforeMethod pp" time="-1.738565284341E9">
    <skipped/>
  </testcase> <!-- @BeforeMethod pp -->
  <testcase classname="testbase.BaseClass" name="@AfterMethod tearDown" time="-1.738565284343E9">
    <skipped/>
  </testcase> <!-- @AfterMethod tearDown -->
  <testcase classname="testbase.BaseClass" name="@BeforeMethod setUp" time="-1.738565284344E9">
    <skipped/>
  </testcase> <!-- @BeforeMethod setUp -->
  <testcase classname="testcases.ProductTest" name="@BeforeMethod pp" time="-1.738565284345E9">
    <skipped/>
  </testcase> <!-- @BeforeMethod pp -->
  <testcase classname="testbase.BaseClass" name="@AfterMethod tearDown" time="-1.738565284347E9">
    <skipped/>
  </testcase> <!-- @AfterMethod tearDown -->
  <testcase classname="testbase.BaseClass" name="@BeforeMethod setUp" time="-1.738565284348E9">
    <skipped/>
  </testcase> <!-- @BeforeMethod setUp -->
  <testcase classname="testcases.ProductTest" name="@BeforeMethod pp" time="-1.738565284348E9">
    <skipped/>
  </testcase> <!-- @BeforeMethod pp -->
  <testcase classname="testbase.BaseClass" name="@AfterMethod tearDown" time="-1.73856528435E9">
    <skipped/>
  </testcase> <!-- @AfterMethod tearDown -->
  <testcase classname="testbase.BaseClass" name="@BeforeMethod setUp" time="-1.738565284351E9">
    <skipped/>
  </testcase> <!-- @BeforeMethod setUp -->
  <testcase classname="testcases.ProductTest" name="@BeforeMethod pp" time="-1.738565284352E9">
    <skipped/>
  </testcase> <!-- @BeforeMethod pp -->
  <testcase classname="testbase.BaseClass" name="@AfterMethod tearDown" time="-1.738565284354E9">
    <skipped/>
  </testcase> <!-- @AfterMethod tearDown -->
  <testcase classname="testbase.BaseClass" name="@BeforeMethod setUp" time="-1.738565284463E9">
    <skipped/>
  </testcase> <!-- @BeforeMethod setUp -->
  <testcase classname="testcases.ProductTest" name="@BeforeMethod pp" time="-1.738565284464E9">
    <skipped/>
  </testcase> <!-- @BeforeMethod pp -->
  <testcase classname="testbase.BaseClass" name="@AfterMethod tearDown" time="-1.738565284466E9">
    <skipped/>
  </testcase> <!-- @AfterMethod tearDown -->
  <testcase classname="testbase.BaseClass" name="@BeforeMethod setUp" time="-1.738565284467E9">
    <skipped/>
  </testcase> <!-- @BeforeMethod setUp -->
  <testcase classname="testcases.ProductTest" name="@BeforeMethod pp" time="-1.738565284467E9">
    <skipped/>
  </testcase> <!-- @BeforeMethod pp -->
  <testcase classname="testbase.BaseClass" name="@AfterMethod tearDown" time="-1.738565284469E9">
    <skipped/>
  </testcase> <!-- @AfterMethod tearDown -->
  <testcase classname="testbase.BaseClass" name="@BeforeMethod setUp" time="-1.73856528447E9">
    <skipped/>
  </testcase> <!-- @BeforeMethod setUp -->
  <testcase classname="testcases.ProductTest" name="@BeforeMethod pp" time="-1.73856528447E9">
    <skipped/>
  </testcase> <!-- @BeforeMethod pp -->
  <testcase classname="testbase.BaseClass" name="@AfterMethod tearDown" time="-1.738565284472E9">
    <skipped/>
  </testcase> <!-- @AfterMethod tearDown -->
  <testcase classname="testbase.BaseClass" name="@BeforeMethod setUp" time="-1.738565284473E9">
    <skipped/>
  </testcase> <!-- @BeforeMethod setUp -->
  <testcase classname="testcases.ProductTest" name="@BeforeMethod pp" time="-1.738565284473E9">
    <skipped/>
  </testcase> <!-- @BeforeMethod pp -->
  <testcase classname="testbase.BaseClass" name="@AfterMethod tearDown" time="-1.738565284475E9">
    <skipped/>
  </testcase> <!-- @AfterMethod tearDown -->
  <testcase classname="testbase.BaseClass" name="@BeforeMethod setUp" time="-1.738565284476E9">
    <skipped/>
  </testcase> <!-- @BeforeMethod setUp -->
  <testcase classname="testcases.ProductTest" name="@BeforeMethod pp" time="-1.738565284476E9">
    <skipped/>
  </testcase> <!-- @BeforeMethod pp -->
  <testcase classname="testbase.BaseClass" name="@AfterMethod tearDown" time="-1.738565284554E9">
    <skipped/>
  </testcase> <!-- @AfterMethod tearDown -->
  <testcase classname="testbase.BaseClass" name="@BeforeMethod setUp" time="-1.738565284556E9">
    <skipped/>
  </testcase> <!-- @BeforeMethod setUp -->
  <testcase classname="testcases.ProductTest" name="@BeforeMethod pp" time="-1.738565284556E9">
    <skipped/>
  </testcase> <!-- @BeforeMethod pp -->
  <testcase classname="testbase.BaseClass" name="@AfterMethod tearDown" time="-1.738565284557E9">
    <skipped/>
  </testcase> <!-- @AfterMethod tearDown -->
  <testcase classname="testbase.BaseClass" name="@BeforeMethod setUp" time="-1.738565284558E9">
    <skipped/>
  </testcase> <!-- @BeforeMethod setUp -->
  <testcase classname="testcases.ProductTest" name="@BeforeMethod pp" time="-1.738565284558E9">
    <skipped/>
  </testcase> <!-- @BeforeMethod pp -->
  <testcase classname="testbase.BaseClass" name="@AfterMethod tearDown" time="-1.738565284559E9">
    <skipped/>
  </testcase> <!-- @AfterMethod tearDown -->
  <testcase classname="testbase.BaseClass" name="@BeforeMethod setUp" time="-1.738565284561E9">
    <skipped/>
  </testcase> <!-- @BeforeMethod setUp -->
  <testcase classname="testcases.ProductTest" name="@BeforeMethod pp" time="-1.738565284561E9">
    <skipped/>
  </testcase> <!-- @BeforeMethod pp -->
  <testcase classname="testbase.BaseClass" name="@AfterMethod tearDown" time="-1.738565284563E9">
    <skipped/>
  </testcase> <!-- @AfterMethod tearDown -->
  <testcase classname="testbase.BaseClass" name="@BeforeMethod setUp" time="-1.738565284564E9">
    <skipped/>
  </testcase> <!-- @BeforeMethod setUp -->
  <testcase classname="testcases.ProductTest" name="@BeforeMethod pp" time="-1.738565284564E9">
    <skipped/>
  </testcase> <!-- @BeforeMethod pp -->
  <testcase classname="testbase.BaseClass" name="@AfterMethod tearDown" time="-1.738565284567E9">
    <skipped/>
  </testcase> <!-- @AfterMethod tearDown -->
  <testcase classname="testbase.BaseClass" name="@BeforeMethod setUp" time="-1.738565284567E9">
    <skipped/>
  </testcase> <!-- @BeforeMethod setUp -->
  <testcase classname="testcases.ProductTest" name="@BeforeMethod pp" time="-1.738565284567E9">
    <skipped/>
  </testcase> <!-- @BeforeMethod pp -->
  <testcase classname="testbase.BaseClass" name="@AfterMethod tearDown" time="-1.738565284641E9">
    <skipped/>
  </testcase> <!-- @AfterMethod tearDown -->
  <testcase classname="testbase.BaseClass" name="@BeforeMethod setUp" time="-1.738565284642E9">
    <skipped/>
  </testcase> <!-- @BeforeMethod setUp -->
  <testcase classname="testcases.ProductTest" name="@BeforeMethod pp" time="-1.738565284643E9">
    <skipped/>
  </testcase> <!-- @BeforeMethod pp -->
  <testcase classname="testbase.BaseClass" name="@AfterMethod tearDown" time="-1.738565284645E9">
    <skipped/>
  </testcase> <!-- @AfterMethod tearDown -->
  <testcase classname="testbase.BaseClass" name="@BeforeMethod setUp" time="-1.738565284645E9">
    <skipped/>
  </testcase> <!-- @BeforeMethod setUp -->
  <testcase classname="testcases.ProductTest" name="@BeforeMethod pp" time="-1.738565284646E9">
    <skipped/>
  </testcase> <!-- @BeforeMethod pp -->
  <testcase classname="testbase.BaseClass" name="@AfterMethod tearDown" time="-1.738565284649E9">
    <skipped/>
  </testcase> <!-- @AfterMethod tearDown -->
  <testcase classname="testbase.BaseClass" name="@BeforeMethod setUp" time="-1.738565284651E9">
    <skipped/>
  </testcase> <!-- @BeforeMethod setUp -->
  <testcase classname="testcases.ProductTest" name="@BeforeMethod pp" time="-1.738565284651E9">
    <skipped/>
  </testcase> <!-- @BeforeMethod pp -->
  <testcase classname="testbase.BaseClass" name="@AfterMethod tearDown" time="-1.738565284653E9">
    <skipped/>
  </testcase> <!-- @AfterMethod tearDown -->
  <testcase classname="testbase.BaseClass" name="@BeforeMethod setUp" time="-1.738565284654E9">
    <skipped/>
  </testcase> <!-- @BeforeMethod setUp -->
  <testcase classname="testcases.ProductTest" name="@BeforeMethod pp" time="-1.738565284655E9">
    <skipped/>
  </testcase> <!-- @BeforeMethod pp -->
  <testcase classname="testbase.BaseClass" name="@AfterMethod tearDown" time="-1.738565284657E9">
    <skipped/>
  </testcase> <!-- @AfterMethod tearDown -->
  <testcase classname="testcases.ProductTest" name="testValidProductEntry" time="1.081">
    <failure type="java.lang.AssertionError" message="Success message not displayed expected [true] but found [false]">
      <![CDATA[java.lang.AssertionError: Success message not displayed expected [true] but found [false]
at testcases.ProductTest.testValidProductEntry(ProductTest.java:51)
at java.base/java.util.ArrayList.forEach(ArrayList.java:1597)
... Removed 28 stack frames]]>
    </failure>
  </testcase> <!-- testValidProductEntry -->
  <testcase classname="testcases.ProductTest" name="testEmptyProductName" time="0.283"/>
  <testcase classname="testcases.ProductTest" name="testInvalidBarcode" time="0.288">
    <failure type="java.lang.AssertionError" message="Error message not displayed for invalid barcode expected [true] but found [false]">
      <![CDATA[java.lang.AssertionError: Error message not displayed for invalid barcode expected [true] but found [false]
at testcases.ProductTest.testInvalidBarcode(ProductTest.java:73)
at java.base/java.util.ArrayList.forEach(ArrayList.java:1597)
... Removed 28 stack frames]]>
    </failure>
  </testcase> <!-- testInvalidBarcode -->
  <testcase classname="testcases.ProductTest" name="testSalePriceGreaterThanProductPrice" time="0.355">
    <failure type="java.lang.AssertionError" message="Validation message not displayed for sale price exceeding product price expected [true] but found [false]">
      <![CDATA[java.lang.AssertionError: Validation message not displayed for sale price exceeding product price expected [true] but found [false]
at testcases.ProductTest.testSalePriceGreaterThanProductPrice(ProductTest.java:85)
at java.base/java.util.ArrayList.forEach(ArrayList.java:1597)
... Removed 28 stack frames]]>
    </failure>
  </testcase> <!-- testSalePriceGreaterThanProductPrice -->
  <testcase classname="testcases.ProductTest" name="testNegativeQuantity" time="0.295">
    <failure type="java.lang.AssertionError" message="Error message not displayed for negative quantity expected [true] but found [false]">
      <![CDATA[java.lang.AssertionError: Error message not displayed for negative quantity expected [true] but found [false]
at testcases.ProductTest.testNegativeQuantity(ProductTest.java:96)
at java.base/java.util.ArrayList.forEach(ArrayList.java:1597)
... Removed 28 stack frames]]>
    </failure>
  </testcase> <!-- testNegativeQuantity -->
  <testcase classname="testcases.ProductTest" name="testInvalidGSTPercent" time="0.336">
    <failure type="java.lang.AssertionError" message="Error message not displayed for invalid GST percent expected [true] but found [false]">
      <![CDATA[java.lang.AssertionError: Error message not displayed for invalid GST percent expected [true] but found [false]
at testcases.ProductTest.testInvalidGSTPercent(ProductTest.java:107)
at java.base/java.util.ArrayList.forEach(ArrayList.java:1597)
... Removed 28 stack frames]]>
    </failure>
  </testcase> <!-- testInvalidGSTPercent -->
  <testcase classname="testcases.ProductTest" name="testInvalidProductTags" time="0.0">
    <skipped/>
  </testcase> <!-- testInvalidProductTags -->
  <testcase classname="testcases.ProductTest" name="testManufactureYearFormat" time="0.0">
    <skipped/>
  </testcase> <!-- testManufactureYearFormat -->
  <testcase classname="testcases.ProductTest" name="testWeightFieldValidation" time="0.0">
    <skipped/>
  </testcase> <!-- testWeightFieldValidation -->
  <testcase classname="testcases.ProductTest" name="testFieldsClearedAfterSubmission" time="0.0">
    <skipped/>
  </testcase> <!-- testFieldsClearedAfterSubmission -->
  <testcase classname="testcases.ProductTest" name="testSuccessMessageAfterSubmission" time="0.0">
    <skipped/>
  </testcase> <!-- testSuccessMessageAfterSubmission -->
  <testcase classname="testcases.ProductTest" name="testProductListLoadsCorrectly" time="0.0">
    <skipped/>
  </testcase> <!-- testProductListLoadsCorrectly -->
  <testcase classname="testcases.ProductTest" name="testProductSearch" time="0.0">
    <skipped/>
  </testcase> <!-- testProductSearch -->
  <testcase classname="testcases.ProductTest" name="testDeleteProduct" time="0.0">
    <skipped/>
  </testcase> <!-- testDeleteProduct -->
  <testcase classname="testcases.ProductTest" name="testLongProductDescription" time="0.0">
    <skipped/>
  </testcase> <!-- testLongProductDescription -->
  <testcase classname="testcases.ProductTest" name="testNumericManufacturerName" time="0.0">
    <skipped/>
  </testcase> <!-- testNumericManufacturerName -->
  <testcase classname="testcases.ProductTest" name="testProductTagsWithSpaces" time="0.0">
    <skipped/>
  </testcase> <!-- testProductTagsWithSpaces -->
  <testcase classname="testcases.ProductTest" name="testEmptyDimensionFields" time="0.0">
    <skipped/>
  </testcase> <!-- testEmptyDimensionFields -->
  <testcase classname="testcases.ProductTest" name="testLongNutritionInformation" time="0.0">
    <skipped/>
  </testcase> <!-- testLongNutritionInformation -->
  <testcase classname="testcases.ProductTest" name="testReturnableFieldDefault" time="0.0">
    <skipped/>
  </testcase> <!-- testReturnableFieldDefault -->
  <testcase classname="testcases.ProductTest" name="testGSTPercentWithDecimals" time="0.0">
    <skipped/>
  </testcase> <!-- testGSTPercentWithDecimals -->
  <testcase classname="testcases.ProductTest" name="testNonIntegerShipmentBufferWindow" time="0.0">
    <skipped/>
  </testcase> <!-- testNonIntegerShipmentBufferWindow -->
  <testcase classname="testcases.ProductTest" name="testProductListPagination" time="0.0">
    <skipped/>
  </testcase> <!-- testProductListPagination -->
  <testcase classname="testcases.ProductTest" name="testSortByProductName" time="0.0">
    <skipped/>
  </testcase> <!-- testSortByProductName -->
  <testcase classname="testcases.ProductTest" name="testInPlaceEditingOfProductPrice" time="0.0">
    <skipped/>
  </testcase> <!-- testInPlaceEditingOfProductPrice -->
  <testcase classname="testcases.ProductTest" name="testValidProductNameEntry" time="0.0">
    <skipped/>
  </testcase> <!-- testValidProductNameEntry -->
  <testcase classname="testcases.ProductTest" name="testInvalidProductNameEntry" time="0.0">
    <skipped/>
  </testcase> <!-- testInvalidProductNameEntry -->
  <testcase classname="testcases.ProductTest" name="testValidBarcodeEntry" time="0.0">
    <skipped/>
  </testcase> <!-- testValidBarcodeEntry -->
  <testcase classname="testcases.ProductTest" name="testInvalidBarcodeEntry" time="0.0">
    <skipped/>
  </testcase> <!-- testInvalidBarcodeEntry -->
  <testcase classname="testcases.ProductTest" name="testValidProductDescription" time="0.0">
    <skipped/>
  </testcase> <!-- testValidProductDescription -->
  <testcase classname="testcases.ProductTest" name="testValidProductPrice" time="0.0">
    <skipped/>
  </testcase> <!-- testValidProductPrice -->
  <testcase classname="testcases.ProductTest" name="testInvalidProductPrice" time="0.0">
    <skipped/>
  </testcase> <!-- testInvalidProductPrice -->
  <testcase classname="testcases.ProductTest" name="testSalePriceExceedsProductPrice" time="0.0">
    <skipped/>
  </testcase> <!-- testSalePriceExceedsProductPrice -->
  <testcase classname="testcases.ProductTest" name="testValidGSTPercent" time="0.0">
    <skipped/>
  </testcase> <!-- testValidGSTPercent -->
  <testcase classname="testcases.ProductTest" name="testGSTPercentCannotExceed100" time="0.0">
    <skipped/>
  </testcase> <!-- testGSTPercentCannotExceed100 -->
  <testcase classname="testcases.ProductTest" name="testValidQuantity" time="0.0">
    <skipped/>
  </testcase> <!-- testValidQuantity -->
  <testcase classname="testcases.ProductTest" name="testNegativeQuantity1" time="0.0">
    <skipped/>
  </testcase> <!-- testNegativeQuantity1 -->
  <testcase classname="testcases.ProductTest" name="testUnitOfMeasurementDropdown" time="0.0">
    <skipped/>
  </testcase> <!-- testUnitOfMeasurementDropdown -->
  <testcase classname="testcases.ProductTest" name="testShipmentBufferWindow" time="0.0">
    <skipped/>
  </testcase> <!-- testShipmentBufferWindow -->
  <testcase classname="testcases.ProductTest" name="testProductTags" time="0.0">
    <skipped/>
  </testcase> <!-- testProductTags -->
  <testcase classname="testcases.ProductTest" name="testCancellableField" time="0.0">
    <skipped/>
  </testcase> <!-- testCancellableField -->
  <testcase classname="testcases.ProductTest" name="testReturnableField" time="0.0">
    <skipped/>
  </testcase> <!-- testReturnableField -->
  <testcase classname="testcases.ProductTest" name="testManufacturerName" time="0.0">
    <skipped/>
  </testcase> <!-- testManufacturerName -->
  <testcase classname="testcases.ProductTest" name="testManufactureYear" time="0.0">
    <skipped/>
  </testcase> <!-- testManufactureYear -->
  <testcase classname="testcases.ProductTest" name="testAdditiveInformation" time="0.0">
    <skipped/>
  </testcase> <!-- testAdditiveInformation -->
  <testcase classname="testcases.ProductTest" name="testDimensionDetails" time="0.0">
    <skipped/>
  </testcase> <!-- testDimensionDetails -->
  <testcase classname="testcases.ProductTest" name="testValidWeight" time="0.0">
    <skipped/>
  </testcase> <!-- testValidWeight -->
  <testcase classname="testcases.ProductTest" name="testWeightUnitDropdown" time="0.0">
    <skipped/>
  </testcase> <!-- testWeightUnitDropdown -->
  <testcase classname="testcases.ProductTest" name="testProductNameNotEmpty" time="0.0">
    <skipped/>
  </testcase> <!-- testProductNameNotEmpty -->
  <testcase classname="testcases.ProductTest" name="testPriceWithinRange" time="0.0">
    <skipped/>
  </testcase> <!-- testPriceWithinRange -->
  <testcase classname="testcases.ProductTest" name="testSalePriceNotExceedProductPrice" time="0.0">
    <skipped/>
  </testcase> <!-- testSalePriceNotExceedProductPrice -->
  <testcase classname="testcases.ProductTest" name="testUnitOfMeasurementRequired" time="0.0">
    <skipped/>
  </testcase> <!-- testUnitOfMeasurementRequired -->
</testsuite> <!-- LoginTests -->
