<?xml version="1.0" encoding="UTF-8"?>
<!-- Generated by org.testng.reporters.JUnitXMLReporter -->
<testsuite ignored="0" hostname="LAPTOP-JUA187N9" failures="12" tests="20" name="LoginTests" time="144.879" errors="0" timestamp="2025-02-01T11:11:35 IST">
  <testcase classname="testcases.LoginTest" name="testValidLogin" time="0.327">
    <failure type="java.lang.AssertionError" message="Login was unsuccessful or dashboard not visible! expected [true] but found [false]">
      <![CDATA[java.lang.AssertionError: Login was unsuccessful or dashboard not visible! expected [true] but found [false]
at testcases.LoginTest.testValidLogin(LoginTest.java:45)
at java.base/java.util.ArrayList.forEach(ArrayList.java:1597)
... Removed 28 stack frames]]>
    </failure>
  </testcase> <!-- testValidLogin -->
  <testcase classname="testcases.LoginTest" name="testInvalidLogin" time="0.318"/>
  <testcase classname="testcases.LoginTest" name="testEmptyFieldsLogin" time="0.308"/>
  <testcase classname="testcases.LoginTest" name="testBlankUsernameWithValidPassword" time="0.31"/>
  <testcase classname="testcases.LoginTest" name="testBlankPasswordWithValidUsername" time="0.318"/>
  <testcase classname="testcases.LoginTest" name="testPasswordMasking" time="0.14"/>
  <testcase classname="testcases.LoginTest" name="testLoginWithRememberMe" time="0.313">
    <failure type="java.lang.AssertionError" message="Login was unsuccessful or dashboard not visible! expected [true] but found [false]">
      <![CDATA[java.lang.AssertionError: Login was unsuccessful or dashboard not visible! expected [true] but found [false]
at testcases.LoginTest.testLoginWithRememberMe(LoginTest.java:98)
at java.base/java.util.ArrayList.forEach(ArrayList.java:1597)
... Removed 28 stack frames]]>
    </failure>
  </testcase> <!-- testLoginWithRememberMe -->
  <testcase classname="testcases.LoginTest" name="testLongUsernamePassword" time="0.322"/>
  <testcase classname="testcases.LoginTest" name="testCaseSensitivity" time="0.288">
    <failure type="java.lang.AssertionError" message="Login was unsuccessful due to case sensitivity issues. expected [true] but found [false]">
      <![CDATA[java.lang.AssertionError: Login was unsuccessful due to case sensitivity issues. expected [true] but found [false]
at testcases.LoginTest.testCaseSensitivity(LoginTest.java:126)
at java.base/java.util.ArrayList.forEach(ArrayList.java:1597)
... Removed 28 stack frames]]>
    </failure>
  </testcase> <!-- testCaseSensitivity -->
  <testcase classname="testcases.LoginTest" name="testErrorMessageConsistency" time="0.321"/>
  <testcase classname="testcases.LoginTest" name="testExpiredPasswordLogin" time="0.314"/>
  <testcase classname="testcases.LoginTest" name="testPasswordVisibilityToggle" time="0.125">
    <failure type="java.lang.AssertionError" message="Password should be visible after clicking the toggle. expected [true] but found [false]">
      <![CDATA[java.lang.AssertionError: Password should be visible after clicking the toggle. expected [true] but found [false]
at testcases.LoginTest.testPasswordVisibilityToggle(LoginTest.java:152)
at java.base/java.util.ArrayList.forEach(ArrayList.java:1597)
... Removed 28 stack frames]]>
    </failure>
  </testcase> <!-- testPasswordVisibilityToggle -->
  <testcase classname="testcases.LoginTest" name="testForgotPasswordLink" time="28.684">
    <failure type="com.microsoft.playwright.impl.TargetClosedError" message="Error {
  message=&amp;apos;Target page, context or browser has been closed
  name=&amp;apos;TargetClosedError
  stack=&amp;apos;TargetClosedError:Target page, context or browser has been closed
Error
    at captureRawStack (C:\Users\VICKYS~1\AppData\Local\Temp\playwright-java-11516477288923236727\package\lib\utils\stackTrace.js:50:17)
    at LongStandingScope._race (C:\Users\VICKYS~1\AppData\Local\Temp\playwright-java-11516477288923236727\package\lib\utils\manualPromise.js:91:52)
    at LongStandingScope.race (C:\Users\VICKYS~1\AppData\Local\Temp\playwright-java-11516477288923236727\package\lib\utils\manualPromise.js:84:17)
    at C:\Users\VICKYS~1\AppData\Local\Temp\playwright-java-11516477288923236727\package\lib\utils\manualPromise.js:81:43
    at Array.map (&amp;lt;anonymous&amp;gt;)
    at LongStandingScope.raceMultiple (C:\Users\VICKYS~1\AppData\Local\Temp\playwright-java-11516477288923236727\package\lib\utils\manualPromise.js:81:32)
    at Frame.retryWithProgressAndTimeouts (C:\Users\VICKYS~1\AppData\Local\Temp\playwright-java-11516477288923236727\package\lib\server\frames.js:931:40)
    at async C:\Users\VICKYS~1\AppData\Local\Temp\playwright-java-11516477288923236727\package\lib\server\frames.js:1023:29
    at async ProgressController.run (C:\Users\VICKYS~1\AppData\Local\Temp\playwright-java-11516477288923236727\package\lib\server\progress.js:79:22)
    at async FrameDispatcher.click (C:\Users\VICKYS~1\AppData\Local\Temp\playwright-java-11516477288923236727\package\lib\server\dispatchers\frameDispatcher.js:158:12)
    at async LongStandingScope._race (C:\Users\VICKYS~1\AppData\Local\Temp\playwright-java-11516477288923236727\package\lib\utils\manualPromise.js:96:14)
    at async FrameDispatcher._handleCommand (C:\Users\VICKYS~1\AppData\Local\Temp\playwright-java-11516477288923236727\package\lib\server\dispatchers\dispatcher.js:96:14)
    at async DispatcherConnection.dispatch (C:\Users\VICKYS~1\AppData\Local\Temp\playwright-java-11516477288923236727\package\lib\server\dispatchers\dispatcher.js:361:22)
}
Call log:
-   - waiting for locator(&amp;quot;//a[@class=&amp;apos;text-sm font-medium text-emerald-500 dark:text-emerald-400 hover:underline&amp;apos;]&amp;quot;)
">
      <![CDATA[com.microsoft.playwright.impl.TargetClosedError: Error {
  message='Target page, context or browser has been closed
  name='TargetClosedError
  stack='TargetClosedError:Target page, context or browser has been closed
Error
    at captureRawStack (C:\Users\VICKYS~1\AppData\Local\Temp\playwright-java-11516477288923236727\package\lib\utils\stackTrace.js:50:17)
    at LongStandingScope._race (C:\Users\VICKYS~1\AppData\Local\Temp\playwright-java-11516477288923236727\package\lib\utils\manualPromise.js:91:52)
    at LongStandingScope.race (C:\Users\VICKYS~1\AppData\Local\Temp\playwright-java-11516477288923236727\package\lib\utils\manualPromise.js:84:17)
    at C:\Users\VICKYS~1\AppData\Local\Temp\playwright-java-11516477288923236727\package\lib\utils\manualPromise.js:81:43
    at Array.map (<anonymous>)
    at LongStandingScope.raceMultiple (C:\Users\VICKYS~1\AppData\Local\Temp\playwright-java-11516477288923236727\package\lib\utils\manualPromise.js:81:32)
    at Frame.retryWithProgressAndTimeouts (C:\Users\VICKYS~1\AppData\Local\Temp\playwright-java-11516477288923236727\package\lib\server\frames.js:931:40)
    at async C:\Users\VICKYS~1\AppData\Local\Temp\playwright-java-11516477288923236727\package\lib\server\frames.js:1023:29
    at async ProgressController.run (C:\Users\VICKYS~1\AppData\Local\Temp\playwright-java-11516477288923236727\package\lib\server\progress.js:79:22)
    at async FrameDispatcher.click (C:\Users\VICKYS~1\AppData\Local\Temp\playwright-java-11516477288923236727\package\lib\server\dispatchers\frameDispatcher.js:158:12)
    at async LongStandingScope._race (C:\Users\VICKYS~1\AppData\Local\Temp\playwright-java-11516477288923236727\package\lib\utils\manualPromise.js:96:14)
    at async FrameDispatcher._handleCommand (C:\Users\VICKYS~1\AppData\Local\Temp\playwright-java-11516477288923236727\package\lib\server\dispatchers\dispatcher.js:96:14)
    at async DispatcherConnection.dispatch (C:\Users\VICKYS~1\AppData\Local\Temp\playwright-java-11516477288923236727\package\lib\server\dispatchers\dispatcher.js:361:22)
}
Call log:
-   - waiting for locator("//a[@class='text-sm font-medium text-emerald-500 dark:text-emerald-400 hover:underline']")

at com.microsoft.playwright.impl.WaitableResult.get(WaitableResult.java:54)
at com.microsoft.playwright.impl.ChannelOwner.runUntil(ChannelOwner.java:132)
at com.microsoft.playwright.impl.Connection.sendMessage(Connection.java:130)
at com.microsoft.playwright.impl.ChannelOwner.sendMessage(ChannelOwner.java:118)
at com.microsoft.playwright.impl.FrameImpl.clickImpl(FrameImpl.java:252)
at com.microsoft.playwright.impl.FrameImpl.lambda$click$8(FrameImpl.java:243)
at com.microsoft.playwright.impl.LoggingSupport.lambda$withLogging$0(LoggingSupport.java:36)
at com.microsoft.playwright.impl.LoggingSupport.withLogging(LoggingSupport.java:47)
at com.microsoft.playwright.impl.ChannelOwner.withLogging(ChannelOwner.java:97)
at com.microsoft.playwright.impl.LoggingSupport.withLogging(LoggingSupport.java:35)
at com.microsoft.playwright.impl.FrameImpl.click(FrameImpl.java:243)
at com.microsoft.playwright.impl.LocatorImpl.click(LocatorImpl.java:175)
at com.microsoft.playwright.Locator.click(Locator.java:2493)
at pageobjects.LoginPage.clickForgotPassword(LoginPage.java:74)
at testcases.LoginTest.testForgotPasswordLink(LoginTest.java:157)
at java.base/java.util.ArrayList.forEach(ArrayList.java:1597)
Caused by: com.microsoft.playwright.impl.TargetClosedError: Error {
  message='Target page, context or browser has been closed
  name='TargetClosedError
  stack='TargetClosedError:Target page, context or browser has been closed
Error
    at captureRawStack (C:\Users\VICKYS~1\AppData\Local\Temp\playwright-java-11516477288923236727\package\lib\utils\stackTrace.js:50:17)
    at LongStandingScope._race (C:\Users\VICKYS~1\AppData\Local\Temp\playwright-java-11516477288923236727\package\lib\utils\manualPromise.js:91:52)
    at LongStandingScope.race (C:\Users\VICKYS~1\AppData\Local\Temp\playwright-java-11516477288923236727\package\lib\utils\manualPromise.js:84:17)
    at C:\Users\VICKYS~1\AppData\Local\Temp\playwright-java-11516477288923236727\package\lib\utils\manualPromise.js:81:43
    at Array.map (<anonymous>)
    at LongStandingScope.raceMultiple (C:\Users\VICKYS~1\AppData\Local\Temp\playwright-java-11516477288923236727\package\lib\utils\manualPromise.js:81:32)
    at Frame.retryWithProgressAndTimeouts (C:\Users\VICKYS~1\AppData\Local\Temp\playwright-java-11516477288923236727\package\lib\server\frames.js:931:40)
    at async C:\Users\VICKYS~1\AppData\Local\Temp\playwright-java-11516477288923236727\package\lib\server\frames.js:1023:29
    at async ProgressController.run (C:\Users\VICKYS~1\AppData\Local\Temp\playwright-java-11516477288923236727\package\lib\server\progress.js:79:22)
    at async FrameDispatcher.click (C:\Users\VICKYS~1\AppData\Local\Temp\playwright-java-11516477288923236727\package\lib\server\dispatchers\frameDispatcher.js:158:12)
    at async LongStandingScope._race (C:\Users\VICKYS~1\AppData\Local\Temp\playwright-java-11516477288923236727\package\lib\utils\manualPromise.js:96:14)
    at async FrameDispatcher._handleCommand (C:\Users\VICKYS~1\AppData\Local\Temp\playwright-java-11516477288923236727\package\lib\server\dispatchers\dispatcher.js:96:14)
    at async DispatcherConnection.dispatch (C:\Users\VICKYS~1\AppData\Local\Temp\playwright-java-11516477288923236727\package\lib\server\dispatchers\dispatcher.js:361:22)
}
Call log:
-   - waiting for locator("//a[@class='text-sm font-medium text-emerald-500 dark:text-emerald-400 hover:underline']")

at com.microsoft.playwright.impl.Connection.dispatch(Connection.java:256)
at com.microsoft.playwright.impl.Connection.processOneMessage(Connection.java:211)
at com.microsoft.playwright.impl.ChannelOwner.runUntil(ChannelOwner.java:130)
... 39 more
... Removed 25 stack frames]]>
    </failure>
  </testcase> <!-- testForgotPasswordLink -->
  <testcase classname="testcases.LoginTest" name="testPasswordResetWithRegisteredEmail" time="18.022">
    <failure type="com.microsoft.playwright.impl.TargetClosedError" message="Error {
  message=&amp;apos;Target page, context or browser has been closed
  name=&amp;apos;TargetClosedError
  stack=&amp;apos;TargetClosedError:Target page, context or browser has been closed
Error
    at captureRawStack (C:\Users\VICKYS~1\AppData\Local\Temp\playwright-java-11516477288923236727\package\lib\utils\stackTrace.js:50:17)
    at LongStandingScope._race (C:\Users\VICKYS~1\AppData\Local\Temp\playwright-java-11516477288923236727\package\lib\utils\manualPromise.js:91:52)
    at LongStandingScope.race (C:\Users\VICKYS~1\AppData\Local\Temp\playwright-java-11516477288923236727\package\lib\utils\manualPromise.js:84:17)
    at C:\Users\VICKYS~1\AppData\Local\Temp\playwright-java-11516477288923236727\package\lib\utils\manualPromise.js:81:43
    at Array.map (&amp;lt;anonymous&amp;gt;)
    at LongStandingScope.raceMultiple (C:\Users\VICKYS~1\AppData\Local\Temp\playwright-java-11516477288923236727\package\lib\utils\manualPromise.js:81:32)
    at Frame.retryWithProgressAndTimeouts (C:\Users\VICKYS~1\AppData\Local\Temp\playwright-java-11516477288923236727\package\lib\server\frames.js:931:40)
    at async C:\Users\VICKYS~1\AppData\Local\Temp\playwright-java-11516477288923236727\package\lib\server\frames.js:1023:29
    at async ProgressController.run (C:\Users\VICKYS~1\AppData\Local\Temp\playwright-java-11516477288923236727\package\lib\server\progress.js:79:22)
    at async FrameDispatcher.click (C:\Users\VICKYS~1\AppData\Local\Temp\playwright-java-11516477288923236727\package\lib\server\dispatchers\frameDispatcher.js:158:12)
    at async LongStandingScope._race (C:\Users\VICKYS~1\AppData\Local\Temp\playwright-java-11516477288923236727\package\lib\utils\manualPromise.js:96:14)
    at async FrameDispatcher._handleCommand (C:\Users\VICKYS~1\AppData\Local\Temp\playwright-java-11516477288923236727\package\lib\server\dispatchers\dispatcher.js:96:14)
    at async DispatcherConnection.dispatch (C:\Users\VICKYS~1\AppData\Local\Temp\playwright-java-11516477288923236727\package\lib\server\dispatchers\dispatcher.js:361:22)
}
Call log:
-   - waiting for locator(&amp;quot;//a[@class=&amp;apos;text-sm font-medium text-emerald-500 dark:text-emerald-400 hover:underline&amp;apos;]&amp;quot;)
">
      <![CDATA[com.microsoft.playwright.impl.TargetClosedError: Error {
  message='Target page, context or browser has been closed
  name='TargetClosedError
  stack='TargetClosedError:Target page, context or browser has been closed
Error
    at captureRawStack (C:\Users\VICKYS~1\AppData\Local\Temp\playwright-java-11516477288923236727\package\lib\utils\stackTrace.js:50:17)
    at LongStandingScope._race (C:\Users\VICKYS~1\AppData\Local\Temp\playwright-java-11516477288923236727\package\lib\utils\manualPromise.js:91:52)
    at LongStandingScope.race (C:\Users\VICKYS~1\AppData\Local\Temp\playwright-java-11516477288923236727\package\lib\utils\manualPromise.js:84:17)
    at C:\Users\VICKYS~1\AppData\Local\Temp\playwright-java-11516477288923236727\package\lib\utils\manualPromise.js:81:43
    at Array.map (<anonymous>)
    at LongStandingScope.raceMultiple (C:\Users\VICKYS~1\AppData\Local\Temp\playwright-java-11516477288923236727\package\lib\utils\manualPromise.js:81:32)
    at Frame.retryWithProgressAndTimeouts (C:\Users\VICKYS~1\AppData\Local\Temp\playwright-java-11516477288923236727\package\lib\server\frames.js:931:40)
    at async C:\Users\VICKYS~1\AppData\Local\Temp\playwright-java-11516477288923236727\package\lib\server\frames.js:1023:29
    at async ProgressController.run (C:\Users\VICKYS~1\AppData\Local\Temp\playwright-java-11516477288923236727\package\lib\server\progress.js:79:22)
    at async FrameDispatcher.click (C:\Users\VICKYS~1\AppData\Local\Temp\playwright-java-11516477288923236727\package\lib\server\dispatchers\frameDispatcher.js:158:12)
    at async LongStandingScope._race (C:\Users\VICKYS~1\AppData\Local\Temp\playwright-java-11516477288923236727\package\lib\utils\manualPromise.js:96:14)
    at async FrameDispatcher._handleCommand (C:\Users\VICKYS~1\AppData\Local\Temp\playwright-java-11516477288923236727\package\lib\server\dispatchers\dispatcher.js:96:14)
    at async DispatcherConnection.dispatch (C:\Users\VICKYS~1\AppData\Local\Temp\playwright-java-11516477288923236727\package\lib\server\dispatchers\dispatcher.js:361:22)
}
Call log:
-   - waiting for locator("//a[@class='text-sm font-medium text-emerald-500 dark:text-emerald-400 hover:underline']")

at com.microsoft.playwright.impl.WaitableResult.get(WaitableResult.java:54)
at com.microsoft.playwright.impl.ChannelOwner.runUntil(ChannelOwner.java:132)
at com.microsoft.playwright.impl.Connection.sendMessage(Connection.java:130)
at com.microsoft.playwright.impl.ChannelOwner.sendMessage(ChannelOwner.java:118)
at com.microsoft.playwright.impl.FrameImpl.clickImpl(FrameImpl.java:252)
at com.microsoft.playwright.impl.FrameImpl.lambda$click$8(FrameImpl.java:243)
at com.microsoft.playwright.impl.LoggingSupport.lambda$withLogging$0(LoggingSupport.java:36)
at com.microsoft.playwright.impl.LoggingSupport.withLogging(LoggingSupport.java:47)
at com.microsoft.playwright.impl.ChannelOwner.withLogging(ChannelOwner.java:97)
at com.microsoft.playwright.impl.LoggingSupport.withLogging(LoggingSupport.java:35)
at com.microsoft.playwright.impl.FrameImpl.click(FrameImpl.java:243)
at com.microsoft.playwright.impl.LocatorImpl.click(LocatorImpl.java:175)
at com.microsoft.playwright.Locator.click(Locator.java:2493)
at pageobjects.LoginPage.clickForgotPassword(LoginPage.java:74)
at testcases.LoginTest.testPasswordResetWithRegisteredEmail(LoginTest.java:165)
at java.base/java.util.ArrayList.forEach(ArrayList.java:1597)
Caused by: com.microsoft.playwright.impl.TargetClosedError: Error {
  message='Target page, context or browser has been closed
  name='TargetClosedError
  stack='TargetClosedError:Target page, context or browser has been closed
Error
    at captureRawStack (C:\Users\VICKYS~1\AppData\Local\Temp\playwright-java-11516477288923236727\package\lib\utils\stackTrace.js:50:17)
    at LongStandingScope._race (C:\Users\VICKYS~1\AppData\Local\Temp\playwright-java-11516477288923236727\package\lib\utils\manualPromise.js:91:52)
    at LongStandingScope.race (C:\Users\VICKYS~1\AppData\Local\Temp\playwright-java-11516477288923236727\package\lib\utils\manualPromise.js:84:17)
    at C:\Users\VICKYS~1\AppData\Local\Temp\playwright-java-11516477288923236727\package\lib\utils\manualPromise.js:81:43
    at Array.map (<anonymous>)
    at LongStandingScope.raceMultiple (C:\Users\VICKYS~1\AppData\Local\Temp\playwright-java-11516477288923236727\package\lib\utils\manualPromise.js:81:32)
    at Frame.retryWithProgressAndTimeouts (C:\Users\VICKYS~1\AppData\Local\Temp\playwright-java-11516477288923236727\package\lib\server\frames.js:931:40)
    at async C:\Users\VICKYS~1\AppData\Local\Temp\playwright-java-11516477288923236727\package\lib\server\frames.js:1023:29
    at async ProgressController.run (C:\Users\VICKYS~1\AppData\Local\Temp\playwright-java-11516477288923236727\package\lib\server\progress.js:79:22)
    at async FrameDispatcher.click (C:\Users\VICKYS~1\AppData\Local\Temp\playwright-java-11516477288923236727\package\lib\server\dispatchers\frameDispatcher.js:158:12)
    at async LongStandingScope._race (C:\Users\VICKYS~1\AppData\Local\Temp\playwright-java-11516477288923236727\package\lib\utils\manualPromise.js:96:14)
    at async FrameDispatcher._handleCommand (C:\Users\VICKYS~1\AppData\Local\Temp\playwright-java-11516477288923236727\package\lib\server\dispatchers\dispatcher.js:96:14)
    at async DispatcherConnection.dispatch (C:\Users\VICKYS~1\AppData\Local\Temp\playwright-java-11516477288923236727\package\lib\server\dispatchers\dispatcher.js:361:22)
}
Call log:
-   - waiting for locator("//a[@class='text-sm font-medium text-emerald-500 dark:text-emerald-400 hover:underline']")

at com.microsoft.playwright.impl.Connection.dispatch(Connection.java:256)
at com.microsoft.playwright.impl.Connection.processOneMessage(Connection.java:211)
at com.microsoft.playwright.impl.ChannelOwner.runUntil(ChannelOwner.java:130)
... 39 more
... Removed 25 stack frames]]>
    </failure>
  </testcase> <!-- testPasswordResetWithRegisteredEmail -->
  <testcase classname="testcases.LoginTest" name="testPasswordResetWithUnregisteredEmail" time="8.726">
    <failure type="com.microsoft.playwright.impl.TargetClosedError" message="Error {
  message=&amp;apos;Target page, context or browser has been closed
  name=&amp;apos;TargetClosedError
  stack=&amp;apos;TargetClosedError:Target page, context or browser has been closed
Error
    at captureRawStack (C:\Users\VICKYS~1\AppData\Local\Temp\playwright-java-11516477288923236727\package\lib\utils\stackTrace.js:50:17)
    at LongStandingScope._race (C:\Users\VICKYS~1\AppData\Local\Temp\playwright-java-11516477288923236727\package\lib\utils\manualPromise.js:91:52)
    at LongStandingScope.race (C:\Users\VICKYS~1\AppData\Local\Temp\playwright-java-11516477288923236727\package\lib\utils\manualPromise.js:84:17)
    at C:\Users\VICKYS~1\AppData\Local\Temp\playwright-java-11516477288923236727\package\lib\utils\manualPromise.js:81:43
    at Array.map (&amp;lt;anonymous&amp;gt;)
    at LongStandingScope.raceMultiple (C:\Users\VICKYS~1\AppData\Local\Temp\playwright-java-11516477288923236727\package\lib\utils\manualPromise.js:81:32)
    at Frame.retryWithProgressAndTimeouts (C:\Users\VICKYS~1\AppData\Local\Temp\playwright-java-11516477288923236727\package\lib\server\frames.js:931:40)
    at async C:\Users\VICKYS~1\AppData\Local\Temp\playwright-java-11516477288923236727\package\lib\server\frames.js:1023:29
    at async ProgressController.run (C:\Users\VICKYS~1\AppData\Local\Temp\playwright-java-11516477288923236727\package\lib\server\progress.js:79:22)
    at async FrameDispatcher.click (C:\Users\VICKYS~1\AppData\Local\Temp\playwright-java-11516477288923236727\package\lib\server\dispatchers\frameDispatcher.js:158:12)
    at async LongStandingScope._race (C:\Users\VICKYS~1\AppData\Local\Temp\playwright-java-11516477288923236727\package\lib\utils\manualPromise.js:96:14)
    at async FrameDispatcher._handleCommand (C:\Users\VICKYS~1\AppData\Local\Temp\playwright-java-11516477288923236727\package\lib\server\dispatchers\dispatcher.js:96:14)
    at async DispatcherConnection.dispatch (C:\Users\VICKYS~1\AppData\Local\Temp\playwright-java-11516477288923236727\package\lib\server\dispatchers\dispatcher.js:361:22)
}
Call log:
-   - waiting for locator(&amp;quot;//a[@class=&amp;apos;text-sm font-medium text-emerald-500 dark:text-emerald-400 hover:underline&amp;apos;]&amp;quot;)
">
      <![CDATA[com.microsoft.playwright.impl.TargetClosedError: Error {
  message='Target page, context or browser has been closed
  name='TargetClosedError
  stack='TargetClosedError:Target page, context or browser has been closed
Error
    at captureRawStack (C:\Users\VICKYS~1\AppData\Local\Temp\playwright-java-11516477288923236727\package\lib\utils\stackTrace.js:50:17)
    at LongStandingScope._race (C:\Users\VICKYS~1\AppData\Local\Temp\playwright-java-11516477288923236727\package\lib\utils\manualPromise.js:91:52)
    at LongStandingScope.race (C:\Users\VICKYS~1\AppData\Local\Temp\playwright-java-11516477288923236727\package\lib\utils\manualPromise.js:84:17)
    at C:\Users\VICKYS~1\AppData\Local\Temp\playwright-java-11516477288923236727\package\lib\utils\manualPromise.js:81:43
    at Array.map (<anonymous>)
    at LongStandingScope.raceMultiple (C:\Users\VICKYS~1\AppData\Local\Temp\playwright-java-11516477288923236727\package\lib\utils\manualPromise.js:81:32)
    at Frame.retryWithProgressAndTimeouts (C:\Users\VICKYS~1\AppData\Local\Temp\playwright-java-11516477288923236727\package\lib\server\frames.js:931:40)
    at async C:\Users\VICKYS~1\AppData\Local\Temp\playwright-java-11516477288923236727\package\lib\server\frames.js:1023:29
    at async ProgressController.run (C:\Users\VICKYS~1\AppData\Local\Temp\playwright-java-11516477288923236727\package\lib\server\progress.js:79:22)
    at async FrameDispatcher.click (C:\Users\VICKYS~1\AppData\Local\Temp\playwright-java-11516477288923236727\package\lib\server\dispatchers\frameDispatcher.js:158:12)
    at async LongStandingScope._race (C:\Users\VICKYS~1\AppData\Local\Temp\playwright-java-11516477288923236727\package\lib\utils\manualPromise.js:96:14)
    at async FrameDispatcher._handleCommand (C:\Users\VICKYS~1\AppData\Local\Temp\playwright-java-11516477288923236727\package\lib\server\dispatchers\dispatcher.js:96:14)
    at async DispatcherConnection.dispatch (C:\Users\VICKYS~1\AppData\Local\Temp\playwright-java-11516477288923236727\package\lib\server\dispatchers\dispatcher.js:361:22)
}
Call log:
-   - waiting for locator("//a[@class='text-sm font-medium text-emerald-500 dark:text-emerald-400 hover:underline']")

at com.microsoft.playwright.impl.WaitableResult.get(WaitableResult.java:54)
at com.microsoft.playwright.impl.ChannelOwner.runUntil(ChannelOwner.java:132)
at com.microsoft.playwright.impl.Connection.sendMessage(Connection.java:130)
at com.microsoft.playwright.impl.ChannelOwner.sendMessage(ChannelOwner.java:118)
at com.microsoft.playwright.impl.FrameImpl.clickImpl(FrameImpl.java:252)
at com.microsoft.playwright.impl.FrameImpl.lambda$click$8(FrameImpl.java:243)
at com.microsoft.playwright.impl.LoggingSupport.lambda$withLogging$0(LoggingSupport.java:36)
at com.microsoft.playwright.impl.LoggingSupport.withLogging(LoggingSupport.java:47)
at com.microsoft.playwright.impl.ChannelOwner.withLogging(ChannelOwner.java:97)
at com.microsoft.playwright.impl.LoggingSupport.withLogging(LoggingSupport.java:35)
at com.microsoft.playwright.impl.FrameImpl.click(FrameImpl.java:243)
at com.microsoft.playwright.impl.LocatorImpl.click(LocatorImpl.java:175)
at com.microsoft.playwright.Locator.click(Locator.java:2493)
at pageobjects.LoginPage.clickForgotPassword(LoginPage.java:74)
at testcases.LoginTest.testPasswordResetWithUnregisteredEmail(LoginTest.java:174)
at java.base/java.util.ArrayList.forEach(ArrayList.java:1597)
Caused by: com.microsoft.playwright.impl.TargetClosedError: Error {
  message='Target page, context or browser has been closed
  name='TargetClosedError
  stack='TargetClosedError:Target page, context or browser has been closed
Error
    at captureRawStack (C:\Users\VICKYS~1\AppData\Local\Temp\playwright-java-11516477288923236727\package\lib\utils\stackTrace.js:50:17)
    at LongStandingScope._race (C:\Users\VICKYS~1\AppData\Local\Temp\playwright-java-11516477288923236727\package\lib\utils\manualPromise.js:91:52)
    at LongStandingScope.race (C:\Users\VICKYS~1\AppData\Local\Temp\playwright-java-11516477288923236727\package\lib\utils\manualPromise.js:84:17)
    at C:\Users\VICKYS~1\AppData\Local\Temp\playwright-java-11516477288923236727\package\lib\utils\manualPromise.js:81:43
    at Array.map (<anonymous>)
    at LongStandingScope.raceMultiple (C:\Users\VICKYS~1\AppData\Local\Temp\playwright-java-11516477288923236727\package\lib\utils\manualPromise.js:81:32)
    at Frame.retryWithProgressAndTimeouts (C:\Users\VICKYS~1\AppData\Local\Temp\playwright-java-11516477288923236727\package\lib\server\frames.js:931:40)
    at async C:\Users\VICKYS~1\AppData\Local\Temp\playwright-java-11516477288923236727\package\lib\server\frames.js:1023:29
    at async ProgressController.run (C:\Users\VICKYS~1\AppData\Local\Temp\playwright-java-11516477288923236727\package\lib\server\progress.js:79:22)
    at async FrameDispatcher.click (C:\Users\VICKYS~1\AppData\Local\Temp\playwright-java-11516477288923236727\package\lib\server\dispatchers\frameDispatcher.js:158:12)
    at async LongStandingScope._race (C:\Users\VICKYS~1\AppData\Local\Temp\playwright-java-11516477288923236727\package\lib\utils\manualPromise.js:96:14)
    at async FrameDispatcher._handleCommand (C:\Users\VICKYS~1\AppData\Local\Temp\playwright-java-11516477288923236727\package\lib\server\dispatchers\dispatcher.js:96:14)
    at async DispatcherConnection.dispatch (C:\Users\VICKYS~1\AppData\Local\Temp\playwright-java-11516477288923236727\package\lib\server\dispatchers\dispatcher.js:361:22)
}
Call log:
-   - waiting for locator("//a[@class='text-sm font-medium text-emerald-500 dark:text-emerald-400 hover:underline']")

at com.microsoft.playwright.impl.Connection.dispatch(Connection.java:256)
at com.microsoft.playwright.impl.Connection.processOneMessage(Connection.java:211)
at com.microsoft.playwright.impl.ChannelOwner.runUntil(ChannelOwner.java:130)
... 39 more
... Removed 25 stack frames]]>
    </failure>
  </testcase> <!-- testPasswordResetWithUnregisteredEmail -->
  <testcase classname="testcases.LoginTest" name="testPasswordResetEmailFormat" time="6.664">
    <failure type="com.microsoft.playwright.impl.TargetClosedError" message="Error {
  message=&amp;apos;Target page, context or browser has been closed
  name=&amp;apos;TargetClosedError
  stack=&amp;apos;TargetClosedError:Target page, context or browser has been closed
Error
    at captureRawStack (C:\Users\VICKYS~1\AppData\Local\Temp\playwright-java-11516477288923236727\package\lib\utils\stackTrace.js:50:17)
    at LongStandingScope._race (C:\Users\VICKYS~1\AppData\Local\Temp\playwright-java-11516477288923236727\package\lib\utils\manualPromise.js:91:52)
    at LongStandingScope.race (C:\Users\VICKYS~1\AppData\Local\Temp\playwright-java-11516477288923236727\package\lib\utils\manualPromise.js:84:17)
    at C:\Users\VICKYS~1\AppData\Local\Temp\playwright-java-11516477288923236727\package\lib\utils\manualPromise.js:81:43
    at Array.map (&amp;lt;anonymous&amp;gt;)
    at LongStandingScope.raceMultiple (C:\Users\VICKYS~1\AppData\Local\Temp\playwright-java-11516477288923236727\package\lib\utils\manualPromise.js:81:32)
    at Frame.retryWithProgressAndTimeouts (C:\Users\VICKYS~1\AppData\Local\Temp\playwright-java-11516477288923236727\package\lib\server\frames.js:931:40)
    at async C:\Users\VICKYS~1\AppData\Local\Temp\playwright-java-11516477288923236727\package\lib\server\frames.js:1023:29
    at async ProgressController.run (C:\Users\VICKYS~1\AppData\Local\Temp\playwright-java-11516477288923236727\package\lib\server\progress.js:79:22)
    at async FrameDispatcher.click (C:\Users\VICKYS~1\AppData\Local\Temp\playwright-java-11516477288923236727\package\lib\server\dispatchers\frameDispatcher.js:158:12)
    at async LongStandingScope._race (C:\Users\VICKYS~1\AppData\Local\Temp\playwright-java-11516477288923236727\package\lib\utils\manualPromise.js:96:14)
    at async FrameDispatcher._handleCommand (C:\Users\VICKYS~1\AppData\Local\Temp\playwright-java-11516477288923236727\package\lib\server\dispatchers\dispatcher.js:96:14)
    at async DispatcherConnection.dispatch (C:\Users\VICKYS~1\AppData\Local\Temp\playwright-java-11516477288923236727\package\lib\server\dispatchers\dispatcher.js:361:22)
}
Call log:
-   - waiting for locator(&amp;quot;//a[@class=&amp;apos;text-sm font-medium text-emerald-500 dark:text-emerald-400 hover:underline&amp;apos;]&amp;quot;)
">
      <![CDATA[com.microsoft.playwright.impl.TargetClosedError: Error {
  message='Target page, context or browser has been closed
  name='TargetClosedError
  stack='TargetClosedError:Target page, context or browser has been closed
Error
    at captureRawStack (C:\Users\VICKYS~1\AppData\Local\Temp\playwright-java-11516477288923236727\package\lib\utils\stackTrace.js:50:17)
    at LongStandingScope._race (C:\Users\VICKYS~1\AppData\Local\Temp\playwright-java-11516477288923236727\package\lib\utils\manualPromise.js:91:52)
    at LongStandingScope.race (C:\Users\VICKYS~1\AppData\Local\Temp\playwright-java-11516477288923236727\package\lib\utils\manualPromise.js:84:17)
    at C:\Users\VICKYS~1\AppData\Local\Temp\playwright-java-11516477288923236727\package\lib\utils\manualPromise.js:81:43
    at Array.map (<anonymous>)
    at LongStandingScope.raceMultiple (C:\Users\VICKYS~1\AppData\Local\Temp\playwright-java-11516477288923236727\package\lib\utils\manualPromise.js:81:32)
    at Frame.retryWithProgressAndTimeouts (C:\Users\VICKYS~1\AppData\Local\Temp\playwright-java-11516477288923236727\package\lib\server\frames.js:931:40)
    at async C:\Users\VICKYS~1\AppData\Local\Temp\playwright-java-11516477288923236727\package\lib\server\frames.js:1023:29
    at async ProgressController.run (C:\Users\VICKYS~1\AppData\Local\Temp\playwright-java-11516477288923236727\package\lib\server\progress.js:79:22)
    at async FrameDispatcher.click (C:\Users\VICKYS~1\AppData\Local\Temp\playwright-java-11516477288923236727\package\lib\server\dispatchers\frameDispatcher.js:158:12)
    at async LongStandingScope._race (C:\Users\VICKYS~1\AppData\Local\Temp\playwright-java-11516477288923236727\package\lib\utils\manualPromise.js:96:14)
    at async FrameDispatcher._handleCommand (C:\Users\VICKYS~1\AppData\Local\Temp\playwright-java-11516477288923236727\package\lib\server\dispatchers\dispatcher.js:96:14)
    at async DispatcherConnection.dispatch (C:\Users\VICKYS~1\AppData\Local\Temp\playwright-java-11516477288923236727\package\lib\server\dispatchers\dispatcher.js:361:22)
}
Call log:
-   - waiting for locator("//a[@class='text-sm font-medium text-emerald-500 dark:text-emerald-400 hover:underline']")

at com.microsoft.playwright.impl.WaitableResult.get(WaitableResult.java:54)
at com.microsoft.playwright.impl.ChannelOwner.runUntil(ChannelOwner.java:132)
at com.microsoft.playwright.impl.Connection.sendMessage(Connection.java:130)
at com.microsoft.playwright.impl.ChannelOwner.sendMessage(ChannelOwner.java:118)
at com.microsoft.playwright.impl.FrameImpl.clickImpl(FrameImpl.java:252)
at com.microsoft.playwright.impl.FrameImpl.lambda$click$8(FrameImpl.java:243)
at com.microsoft.playwright.impl.LoggingSupport.lambda$withLogging$0(LoggingSupport.java:36)
at com.microsoft.playwright.impl.LoggingSupport.withLogging(LoggingSupport.java:47)
at com.microsoft.playwright.impl.ChannelOwner.withLogging(ChannelOwner.java:97)
at com.microsoft.playwright.impl.LoggingSupport.withLogging(LoggingSupport.java:35)
at com.microsoft.playwright.impl.FrameImpl.click(FrameImpl.java:243)
at com.microsoft.playwright.impl.LocatorImpl.click(LocatorImpl.java:175)
at com.microsoft.playwright.Locator.click(Locator.java:2493)
at pageobjects.LoginPage.clickForgotPassword(LoginPage.java:74)
at testcases.LoginTest.testPasswordResetEmailFormat(LoginTest.java:183)
at java.base/java.util.ArrayList.forEach(ArrayList.java:1597)
Caused by: com.microsoft.playwright.impl.TargetClosedError: Error {
  message='Target page, context or browser has been closed
  name='TargetClosedError
  stack='TargetClosedError:Target page, context or browser has been closed
Error
    at captureRawStack (C:\Users\VICKYS~1\AppData\Local\Temp\playwright-java-11516477288923236727\package\lib\utils\stackTrace.js:50:17)
    at LongStandingScope._race (C:\Users\VICKYS~1\AppData\Local\Temp\playwright-java-11516477288923236727\package\lib\utils\manualPromise.js:91:52)
    at LongStandingScope.race (C:\Users\VICKYS~1\AppData\Local\Temp\playwright-java-11516477288923236727\package\lib\utils\manualPromise.js:84:17)
    at C:\Users\VICKYS~1\AppData\Local\Temp\playwright-java-11516477288923236727\package\lib\utils\manualPromise.js:81:43
    at Array.map (<anonymous>)
    at LongStandingScope.raceMultiple (C:\Users\VICKYS~1\AppData\Local\Temp\playwright-java-11516477288923236727\package\lib\utils\manualPromise.js:81:32)
    at Frame.retryWithProgressAndTimeouts (C:\Users\VICKYS~1\AppData\Local\Temp\playwright-java-11516477288923236727\package\lib\server\frames.js:931:40)
    at async C:\Users\VICKYS~1\AppData\Local\Temp\playwright-java-11516477288923236727\package\lib\server\frames.js:1023:29
    at async ProgressController.run (C:\Users\VICKYS~1\AppData\Local\Temp\playwright-java-11516477288923236727\package\lib\server\progress.js:79:22)
    at async FrameDispatcher.click (C:\Users\VICKYS~1\AppData\Local\Temp\playwright-java-11516477288923236727\package\lib\server\dispatchers\frameDispatcher.js:158:12)
    at async LongStandingScope._race (C:\Users\VICKYS~1\AppData\Local\Temp\playwright-java-11516477288923236727\package\lib\utils\manualPromise.js:96:14)
    at async FrameDispatcher._handleCommand (C:\Users\VICKYS~1\AppData\Local\Temp\playwright-java-11516477288923236727\package\lib\server\dispatchers\dispatcher.js:96:14)
    at async DispatcherConnection.dispatch (C:\Users\VICKYS~1\AppData\Local\Temp\playwright-java-11516477288923236727\package\lib\server\dispatchers\dispatcher.js:361:22)
}
Call log:
-   - waiting for locator("//a[@class='text-sm font-medium text-emerald-500 dark:text-emerald-400 hover:underline']")

at com.microsoft.playwright.impl.Connection.dispatch(Connection.java:256)
at com.microsoft.playwright.impl.Connection.processOneMessage(Connection.java:211)
at com.microsoft.playwright.impl.ChannelOwner.runUntil(ChannelOwner.java:130)
... 39 more
... Removed 25 stack frames]]>
    </failure>
  </testcase> <!-- testPasswordResetEmailFormat -->
  <testcase classname="testcases.LoginTest" name="testResetPassword" time="6.009">
    <failure type="com.microsoft.playwright.impl.TargetClosedError" message="Error {
  message=&amp;apos;Target page, context or browser has been closed
  name=&amp;apos;TargetClosedError
  stack=&amp;apos;TargetClosedError:Target page, context or browser has been closed
Error
    at captureRawStack (C:\Users\VICKYS~1\AppData\Local\Temp\playwright-java-11516477288923236727\package\lib\utils\stackTrace.js:50:17)
    at LongStandingScope._race (C:\Users\VICKYS~1\AppData\Local\Temp\playwright-java-11516477288923236727\package\lib\utils\manualPromise.js:91:52)
    at LongStandingScope.race (C:\Users\VICKYS~1\AppData\Local\Temp\playwright-java-11516477288923236727\package\lib\utils\manualPromise.js:84:17)
    at C:\Users\VICKYS~1\AppData\Local\Temp\playwright-java-11516477288923236727\package\lib\utils\manualPromise.js:81:43
    at Array.map (&amp;lt;anonymous&amp;gt;)
    at LongStandingScope.raceMultiple (C:\Users\VICKYS~1\AppData\Local\Temp\playwright-java-11516477288923236727\package\lib\utils\manualPromise.js:81:32)
    at Frame.retryWithProgressAndTimeouts (C:\Users\VICKYS~1\AppData\Local\Temp\playwright-java-11516477288923236727\package\lib\server\frames.js:931:40)
    at async C:\Users\VICKYS~1\AppData\Local\Temp\playwright-java-11516477288923236727\package\lib\server\frames.js:1023:29
    at async ProgressController.run (C:\Users\VICKYS~1\AppData\Local\Temp\playwright-java-11516477288923236727\package\lib\server\progress.js:79:22)
    at async FrameDispatcher.click (C:\Users\VICKYS~1\AppData\Local\Temp\playwright-java-11516477288923236727\package\lib\server\dispatchers\frameDispatcher.js:158:12)
    at async LongStandingScope._race (C:\Users\VICKYS~1\AppData\Local\Temp\playwright-java-11516477288923236727\package\lib\utils\manualPromise.js:96:14)
    at async FrameDispatcher._handleCommand (C:\Users\VICKYS~1\AppData\Local\Temp\playwright-java-11516477288923236727\package\lib\server\dispatchers\dispatcher.js:96:14)
    at async DispatcherConnection.dispatch (C:\Users\VICKYS~1\AppData\Local\Temp\playwright-java-11516477288923236727\package\lib\server\dispatchers\dispatcher.js:361:22)
}
Call log:
-   - waiting for locator(&amp;quot;//a[@class=&amp;apos;text-sm font-medium text-emerald-500 dark:text-emerald-400 hover:underline&amp;apos;]&amp;quot;)
">
      <![CDATA[com.microsoft.playwright.impl.TargetClosedError: Error {
  message='Target page, context or browser has been closed
  name='TargetClosedError
  stack='TargetClosedError:Target page, context or browser has been closed
Error
    at captureRawStack (C:\Users\VICKYS~1\AppData\Local\Temp\playwright-java-11516477288923236727\package\lib\utils\stackTrace.js:50:17)
    at LongStandingScope._race (C:\Users\VICKYS~1\AppData\Local\Temp\playwright-java-11516477288923236727\package\lib\utils\manualPromise.js:91:52)
    at LongStandingScope.race (C:\Users\VICKYS~1\AppData\Local\Temp\playwright-java-11516477288923236727\package\lib\utils\manualPromise.js:84:17)
    at C:\Users\VICKYS~1\AppData\Local\Temp\playwright-java-11516477288923236727\package\lib\utils\manualPromise.js:81:43
    at Array.map (<anonymous>)
    at LongStandingScope.raceMultiple (C:\Users\VICKYS~1\AppData\Local\Temp\playwright-java-11516477288923236727\package\lib\utils\manualPromise.js:81:32)
    at Frame.retryWithProgressAndTimeouts (C:\Users\VICKYS~1\AppData\Local\Temp\playwright-java-11516477288923236727\package\lib\server\frames.js:931:40)
    at async C:\Users\VICKYS~1\AppData\Local\Temp\playwright-java-11516477288923236727\package\lib\server\frames.js:1023:29
    at async ProgressController.run (C:\Users\VICKYS~1\AppData\Local\Temp\playwright-java-11516477288923236727\package\lib\server\progress.js:79:22)
    at async FrameDispatcher.click (C:\Users\VICKYS~1\AppData\Local\Temp\playwright-java-11516477288923236727\package\lib\server\dispatchers\frameDispatcher.js:158:12)
    at async LongStandingScope._race (C:\Users\VICKYS~1\AppData\Local\Temp\playwright-java-11516477288923236727\package\lib\utils\manualPromise.js:96:14)
    at async FrameDispatcher._handleCommand (C:\Users\VICKYS~1\AppData\Local\Temp\playwright-java-11516477288923236727\package\lib\server\dispatchers\dispatcher.js:96:14)
    at async DispatcherConnection.dispatch (C:\Users\VICKYS~1\AppData\Local\Temp\playwright-java-11516477288923236727\package\lib\server\dispatchers\dispatcher.js:361:22)
}
Call log:
-   - waiting for locator("//a[@class='text-sm font-medium text-emerald-500 dark:text-emerald-400 hover:underline']")

at com.microsoft.playwright.impl.WaitableResult.get(WaitableResult.java:54)
at com.microsoft.playwright.impl.ChannelOwner.runUntil(ChannelOwner.java:132)
at com.microsoft.playwright.impl.Connection.sendMessage(Connection.java:130)
at com.microsoft.playwright.impl.ChannelOwner.sendMessage(ChannelOwner.java:118)
at com.microsoft.playwright.impl.FrameImpl.clickImpl(FrameImpl.java:252)
at com.microsoft.playwright.impl.FrameImpl.lambda$click$8(FrameImpl.java:243)
at com.microsoft.playwright.impl.LoggingSupport.lambda$withLogging$0(LoggingSupport.java:36)
at com.microsoft.playwright.impl.LoggingSupport.withLogging(LoggingSupport.java:47)
at com.microsoft.playwright.impl.ChannelOwner.withLogging(ChannelOwner.java:97)
at com.microsoft.playwright.impl.LoggingSupport.withLogging(LoggingSupport.java:35)
at com.microsoft.playwright.impl.FrameImpl.click(FrameImpl.java:243)
at com.microsoft.playwright.impl.LocatorImpl.click(LocatorImpl.java:175)
at com.microsoft.playwright.Locator.click(Locator.java:2493)
at pageobjects.LoginPage.clickForgotPassword(LoginPage.java:74)
at testcases.LoginTest.testResetPassword(LoginTest.java:192)
at java.base/java.util.ArrayList.forEach(ArrayList.java:1597)
Caused by: com.microsoft.playwright.impl.TargetClosedError: Error {
  message='Target page, context or browser has been closed
  name='TargetClosedError
  stack='TargetClosedError:Target page, context or browser has been closed
Error
    at captureRawStack (C:\Users\VICKYS~1\AppData\Local\Temp\playwright-java-11516477288923236727\package\lib\utils\stackTrace.js:50:17)
    at LongStandingScope._race (C:\Users\VICKYS~1\AppData\Local\Temp\playwright-java-11516477288923236727\package\lib\utils\manualPromise.js:91:52)
    at LongStandingScope.race (C:\Users\VICKYS~1\AppData\Local\Temp\playwright-java-11516477288923236727\package\lib\utils\manualPromise.js:84:17)
    at C:\Users\VICKYS~1\AppData\Local\Temp\playwright-java-11516477288923236727\package\lib\utils\manualPromise.js:81:43
    at Array.map (<anonymous>)
    at LongStandingScope.raceMultiple (C:\Users\VICKYS~1\AppData\Local\Temp\playwright-java-11516477288923236727\package\lib\utils\manualPromise.js:81:32)
    at Frame.retryWithProgressAndTimeouts (C:\Users\VICKYS~1\AppData\Local\Temp\playwright-java-11516477288923236727\package\lib\server\frames.js:931:40)
    at async C:\Users\VICKYS~1\AppData\Local\Temp\playwright-java-11516477288923236727\package\lib\server\frames.js:1023:29
    at async ProgressController.run (C:\Users\VICKYS~1\AppData\Local\Temp\playwright-java-11516477288923236727\package\lib\server\progress.js:79:22)
    at async FrameDispatcher.click (C:\Users\VICKYS~1\AppData\Local\Temp\playwright-java-11516477288923236727\package\lib\server\dispatchers\frameDispatcher.js:158:12)
    at async LongStandingScope._race (C:\Users\VICKYS~1\AppData\Local\Temp\playwright-java-11516477288923236727\package\lib\utils\manualPromise.js:96:14)
    at async FrameDispatcher._handleCommand (C:\Users\VICKYS~1\AppData\Local\Temp\playwright-java-11516477288923236727\package\lib\server\dispatchers\dispatcher.js:96:14)
    at async DispatcherConnection.dispatch (C:\Users\VICKYS~1\AppData\Local\Temp\playwright-java-11516477288923236727\package\lib\server\dispatchers\dispatcher.js:361:22)
}
Call log:
-   - waiting for locator("//a[@class='text-sm font-medium text-emerald-500 dark:text-emerald-400 hover:underline']")

at com.microsoft.playwright.impl.Connection.dispatch(Connection.java:256)
at com.microsoft.playwright.impl.Connection.processOneMessage(Connection.java:211)
at com.microsoft.playwright.impl.ChannelOwner.runUntil(ChannelOwner.java:130)
... 39 more
... Removed 25 stack frames]]>
    </failure>
  </testcase> <!-- testResetPassword -->
  <testcase classname="testcases.LoginTest" name="testSignUpLink" time="0.001">
    <failure type="java.lang.AssertionError" message="User should be redirected to the Sign-Up page. expected [true] but found [false]">
      <![CDATA[java.lang.AssertionError: User should be redirected to the Sign-Up page. expected [true] but found [false]
at testcases.LoginTest.testSignUpLink(LoginTest.java:207)
at java.base/java.util.ArrayList.forEach(ArrayList.java:1597)
... Removed 28 stack frames]]>
    </failure>
  </testcase> <!-- testSignUpLink -->
  <testcase classname="testcases.LoginTest" name="testValidGoogleRegistration" time="0.001">
    <failure type="java.lang.AssertionError" message="User should be able to register and log in successfully with Google. expected [true] but found [false]">
      <![CDATA[java.lang.AssertionError: User should be able to register and log in successfully with Google. expected [true] but found [false]
at testcases.LoginTest.testValidGoogleRegistration(LoginTest.java:214)
at java.base/java.util.ArrayList.forEach(ArrayList.java:1597)
... Removed 28 stack frames]]>
    </failure>
  </testcase> <!-- testValidGoogleRegistration -->
  <testcase classname="testcases.LoginTest" name="testRegistrationWithExistingGoogleAccount" time="5.01">
    <failure type="java.lang.AssertionError" message="Error message should be displayed for existing Google account. expected [true] but found [false]">
      <![CDATA[java.lang.AssertionError: Error message should be displayed for existing Google account. expected [true] but found [false]
at testcases.LoginTest.testRegistrationWithExistingGoogleAccount(LoginTest.java:221)
at java.base/java.util.ArrayList.forEach(ArrayList.java:1597)
... Removed 28 stack frames]]>
    </failure>
  </testcase> <!-- testRegistrationWithExistingGoogleAccount -->
</testsuite> <!-- LoginTests -->
