<?xml version="1.0" encoding="UTF-8"?>
<testng-results ignored="10" total="11" passed="1" failed="0" skipped="0">
  <reporter-output>
  </reporter-output>
  <suite started-at="2025-02-05T11:34:27 IST" name="Default suite" finished-at="2025-02-05T11:34:35 IST" duration-ms="8055">
    <groups>
    </groups>
    <test started-at="2025-02-05T11:34:27 IST" name="Default test" finished-at="2025-02-05T11:34:35 IST" duration-ms="8055">
      <class name="testcases.CgTest">
        <test-method is-config="true" signature="initializeBrowser()[pri:0, instance:testcases.CgTest@1d2adfbe]" started-at="2025-02-05T11:34:13 IST" name="initializeBrowser" finished-at="2025-02-05T11:34:27 IST" duration-ms="13691" status="PASS">
          <reporter-output>
          </reporter-output>
        </test-method> <!-- initializeBrowser -->
        <test-method is-config="true" signature="setUp()[pri:0, instance:testcases.CgTest@1d2adfbe]" started-at="2025-02-05T11:34:27 IST" name="setUp" finished-at="2025-02-05T11:34:29 IST" duration-ms="1829" status="PASS">
          <reporter-output>
          </reporter-output>
        </test-method> <!-- setUp -->
        <test-method is-config="true" signature="cp()[pri:0, instance:testcases.CgTest@1d2adfbe]" started-at="2025-02-05T11:34:29 IST" name="cp" finished-at="2025-02-05T11:34:30 IST" duration-ms="583" status="PASS">
          <reporter-output>
          </reporter-output>
        </test-method> <!-- cp -->
        <test-method signature="testAllowedPincodesDisplay()[pri:8, instance:testcases.CgTest@1d2adfbe]" started-at="2025-02-05T11:34:30 IST" name="testAllowedPincodesDisplay" finished-at="2025-02-05T11:34:35 IST" duration-ms="5116" status="PASS">
          <reporter-output>
          </reporter-output>
        </test-method> <!-- testAllowedPincodesDisplay -->
        <test-method is-config="true" signature="tearDown()[pri:0, instance:testcases.CgTest@1d2adfbe]" started-at="2025-02-05T11:34:35 IST" name="tearDown" finished-at="2025-02-05T11:34:35 IST" duration-ms="473" status="PASS">
          <reporter-output>
          </reporter-output>
        </test-method> <!-- tearDown -->
        <test-method is-config="true" signature="closeBrowser()[pri:0, instance:testcases.CgTest@1d2adfbe]" started-at="2025-02-05T11:34:35 IST" name="closeBrowser" finished-at="2025-02-05T11:34:35 IST" duration-ms="185" status="PASS">
          <reporter-output>
          </reporter-output>
        </test-method> <!-- closeBrowser -->
      </class> <!-- testcases.CgTest -->
    </test> <!-- Default test -->
  </suite> <!-- Default suite -->
</testng-results>
